  [1m[35m (1627.2ms)[0m  [1m[35mCREATE DATABASE "backend_api_development" ENCODING = 'unicode'[0m
  [1m[35m (477.6ms)[0m  [1m[35mCREATE DATABASE "backend_api_test" ENCODING = 'unicode'[0m
  [1m[35m (109.2ms)[0m  [1m[35mCREATE TABLE "schema_migrations" ("version" character varying NOT NULL PRIMARY KEY)[0m
  [1m[35m (54.1ms)[0m  [1m[35mCREATE TABLE "ar_internal_metadata" ("key" character varying NOT NULL PRIMARY KEY, "value" character varying, "created_at" timestamp(6) NOT NULL, "updated_at" timestamp(6) NOT NULL)[0m
  [1m[35m (0.1ms)[0m  [1m[34mSELECT pg_try_advisory_lock(3046397844150113145)[0m
  [1m[35m (0.4ms)[0m  [1m[34mSELECT "schema_migrations"."version" FROM "schema_migrations" ORDER BY "schema_migrations"."version" ASC[0m
Migrating to CreateUsers (20210508193240)
  [1m[36mTRANSACTION (0.2ms)[0m  [1m[35mBEGIN[0m
  [1m[35m (44.9ms)[0m  [1m[35mCREATE TABLE "users" ("id" bigserial primary key, "email" character varying NOT NULL, "password_digest" character varying NOT NULL, "created_at" timestamp NOT NULL, "updated_at" timestamp NOT NULL)[0m
  [1m[36mActiveRecord::SchemaMigration Create (0.6ms)[0m  [1m[32mINSERT INTO "schema_migrations" ("version") VALUES ($1) RETURNING "version"[0m  [["version", "20210508193240"]]
  [1m[36mTRANSACTION (4.5ms)[0m  [1m[35mCOMMIT[0m
  [1m[36mActiveRecord::InternalMetadata Load (0.6ms)[0m  [1m[34mSELECT "ar_internal_metadata".* FROM "ar_internal_metadata" WHERE "ar_internal_metadata"."key" = $1 LIMIT $2[0m  [["key", "environment"], ["LIMIT", 1]]
  [1m[36mTRANSACTION (0.1ms)[0m  [1m[35mBEGIN[0m
  [1m[36mActiveRecord::InternalMetadata Create (0.5ms)[0m  [1m[32mINSERT INTO "ar_internal_metadata" ("key", "value", "created_at", "updated_at") VALUES ($1, $2, $3, $4) RETURNING "key"[0m  [["key", "environment"], ["value", "development"], ["created_at", "2021-05-08 19:35:44.643821"], ["updated_at", "2021-05-08 19:35:44.643821"]]
  [1m[36mTRANSACTION (5.0ms)[0m  [1m[35mCOMMIT[0m
  [1m[35m (0.7ms)[0m  [1m[34mSELECT pg_advisory_unlock(3046397844150113145)[0m
  [1m[35m (0.8ms)[0m  [1m[34mSELECT "schema_migrations"."version" FROM "schema_migrations" ORDER BY "schema_migrations"."version" ASC[0m
  [1m[35m (0.4ms)[0m  [1m[35mCREATE DATABASE "backend_api_development" ENCODING = 'unicode'[0m
  [1m[35m (0.4ms)[0m  [1m[35mCREATE DATABASE "backend_api_test" ENCODING = 'unicode'[0m
  [1m[35m (0.1ms)[0m  [1m[34mSELECT pg_try_advisory_lock(3046397844150113145)[0m
  [1m[35m (0.7ms)[0m  [1m[34mSELECT "schema_migrations"."version" FROM "schema_migrations" ORDER BY "schema_migrations"."version" ASC[0m
Migrating to CreateArtists (20210508193731)
  [1m[36mTRANSACTION (0.2ms)[0m  [1m[35mBEGIN[0m
  [1m[35m (57.4ms)[0m  [1m[35mCREATE TABLE "artists" ("id" bigserial primary key, "name" character varying, "created_at" timestamp(6) NOT NULL, "updated_at" timestamp(6) NOT NULL)[0m
  [1m[36mActiveRecord::SchemaMigration Create (0.5ms)[0m  [1m[32mINSERT INTO "schema_migrations" ("version") VALUES ($1) RETURNING "version"[0m  [["version", "20210508193731"]]
  [1m[36mTRANSACTION (10.5ms)[0m  [1m[35mCOMMIT[0m
Migrating to CreateRecords (20210508193824)
  [1m[36mTRANSACTION (0.2ms)[0m  [1m[35mBEGIN[0m
  [1m[35m (52.3ms)[0m  [1m[35mCREATE TABLE "records" ("id" bigserial primary key, "title" character varying, "year" character varying, "artist_id" bigint NOT NULL, "user_id" bigint NOT NULL, "created_at" timestamp(6) NOT NULL, "updated_at" timestamp(6) NOT NULL, CONSTRAINT "fk_rails_b545a25f04"
FOREIGN KEY ("artist_id")
  REFERENCES "artists" ("id")
, CONSTRAINT "fk_rails_9ba3ba9afc"
FOREIGN KEY ("user_id")
  REFERENCES "users" ("id")
)[0m
  [1m[35m (18.4ms)[0m  [1m[35mCREATE INDEX "index_records_on_artist_id" ON "records" ("artist_id")[0m
  [1m[35m (20.9ms)[0m  [1m[35mCREATE INDEX "index_records_on_user_id" ON "records" ("user_id")[0m
  [1m[36mActiveRecord::SchemaMigration Create (0.4ms)[0m  [1m[32mINSERT INTO "schema_migrations" ("version") VALUES ($1) RETURNING "version"[0m  [["version", "20210508193824"]]
  [1m[36mTRANSACTION (6.6ms)[0m  [1m[35mCOMMIT[0m
  [1m[36mActiveRecord::InternalMetadata Load (0.4ms)[0m  [1m[34mSELECT "ar_internal_metadata".* FROM "ar_internal_metadata" WHERE "ar_internal_metadata"."key" = $1 LIMIT $2[0m  [["key", "environment"], ["LIMIT", 1]]
  [1m[35m (0.4ms)[0m  [1m[34mSELECT pg_advisory_unlock(3046397844150113145)[0m
  [1m[35m (0.9ms)[0m  [1m[34mSELECT "schema_migrations"."version" FROM "schema_migrations" ORDER BY "schema_migrations"."version" ASC[0m
Started GET "/" for 127.0.0.1 at 2021-05-09 12:38:34 -0400
  [1m[35m (0.8ms)[0m  [1m[34mSELECT "schema_migrations"."version" FROM "schema_migrations" ORDER BY "schema_migrations"."version" ASC[0m
Processing by HomeController#index as HTML
Completed 500 Internal Server Error in 11ms (ActiveRecord: 0.0ms | Allocations: 4817)


  
NameError (uninitialized constant HomeController::Artists):
  
app/controllers/home_controller.rb:3:in `index'
Started GET "/favicon.ico" for 127.0.0.1 at 2021-05-09 12:38:34 -0400
  
ActionController::RoutingError (No route matches [GET] "/favicon.ico"):
  
Started GET "/" for 127.0.0.1 at 2021-05-09 12:42:53 -0400
Processing by HomeController#index as HTML
  [1m[36mArtist Load (0.6ms)[0m  [1m[34mSELECT "artists".* FROM "artists"[0m
  ↳ app/controllers/home_controller.rb:4:in `index'
Completed 200 OK in 10ms (Views: 2.5ms | ActiveRecord: 0.6ms | Allocations: 3276)


Started GET "/favicon.ico" for 127.0.0.1 at 2021-05-09 12:42:53 -0400
  
ActionController::RoutingError (No route matches [GET] "/favicon.ico"):
  
Started GET "/" for 127.0.0.1 at 2021-05-09 12:42:55 -0400
Processing by HomeController#index as HTML
  [1m[36mArtist Load (0.4ms)[0m  [1m[34mSELECT "artists".* FROM "artists"[0m
  ↳ app/controllers/home_controller.rb:4:in `index'
Completed 200 OK in 3ms (Views: 2.7ms | ActiveRecord: 0.4ms | Allocations: 623)


Started GET "/" for 127.0.0.1 at 2021-05-09 12:43:03 -0400
Processing by HomeController#index as HTML
  [1m[36mArtist Load (0.3ms)[0m  [1m[34mSELECT "artists".* FROM "artists"[0m
  ↳ app/controllers/home_controller.rb:4:in `index'
Completed 200 OK in 3ms (Views: 2.2ms | ActiveRecord: 0.3ms | Allocations: 619)


  [1m[36mTRANSACTION (0.2ms)[0m  [1m[35mBEGIN[0m
  [1m[36mArtist Create (1.0ms)[0m  [1m[32mINSERT INTO "artists" ("name", "created_at", "updated_at") VALUES ($1, $2, $3) RETURNING "id"[0m  [["name", "Cursing"], ["created_at", "2021-05-09 16:57:01.287071"], ["updated_at", "2021-05-09 16:57:01.287071"]]
  [1m[36mTRANSACTION (8.5ms)[0m  [1m[35mCOMMIT[0m
  [1m[36mTRANSACTION (0.3ms)[0m  [1m[35mBEGIN[0m
  [1m[36mArtist Create (0.7ms)[0m  [1m[32mINSERT INTO "artists" ("name", "created_at", "updated_at") VALUES ($1, $2, $3) RETURNING "id"[0m  [["name", "Eating Junk"], ["created_at", "2021-05-09 16:57:35.646981"], ["updated_at", "2021-05-09 16:57:35.646981"]]
  [1m[36mTRANSACTION (13.4ms)[0m  [1m[35mCOMMIT[0m
Started GET "/" for 127.0.0.1 at 2021-05-09 13:02:19 -0400
  [1m[35m (0.7ms)[0m  [1m[34mSELECT "schema_migrations"."version" FROM "schema_migrations" ORDER BY "schema_migrations"."version" ASC[0m
Processing by HomeController#index as HTML
  [1m[36mArtist Load (0.6ms)[0m  [1m[34mSELECT "artists".* FROM "artists"[0m
  ↳ app/controllers/home_controller.rb:4:in `index'
Completed 200 OK in 18ms (Views: 6.1ms | ActiveRecord: 3.1ms | Allocations: 7601)


Started GET "/" for 127.0.0.1 at 2021-05-09 14:38:32 -0400
  [1m[35m (0.8ms)[0m  [1m[34mSELECT "schema_migrations"."version" FROM "schema_migrations" ORDER BY "schema_migrations"."version" ASC[0m
Processing by HomeController#index as HTML
  [1m[36mArtist Load (1.7ms)[0m  [1m[34mSELECT "artists".* FROM "artists"[0m
  ↳ app/controllers/home_controller.rb:4:in `index'
Completed 200 OK in 30ms (Views: 9.7ms | ActiveRecord: 7.6ms | Allocations: 7596)


Started GET "/" for 127.0.0.1 at 2021-05-09 22:24:25 -0400
  [1m[35m (0.9ms)[0m  [1m[34mSELECT "schema_migrations"."version" FROM "schema_migrations" ORDER BY "schema_migrations"."version" ASC[0m
Processing by HomeController#index as HTML
  [1m[36mArtist Load (0.8ms)[0m  [1m[34mSELECT "artists".* FROM "artists"[0m
  ↳ app/controllers/home_controller.rb:4:in `index'
Completed 200 OK in 31ms (Views: 11.7ms | ActiveRecord: 8.3ms | Allocations: 7596)


Started GET "/" for 127.0.0.1 at 2021-05-09 22:25:29 -0400
Processing by HomeController#index as HTML
  [1m[36mArtist Load (0.4ms)[0m  [1m[34mSELECT "artists".* FROM "artists"[0m
  ↳ app/controllers/home_controller.rb:4:in `index'
Completed 200 OK in 5ms (Views: 3.8ms | ActiveRecord: 0.4ms | Allocations: 801)


Started GET "/" for 127.0.0.1 at 2021-05-09 22:25:49 -0400
Processing by HomeController#index as HTML
  [1m[36mArtist Load (0.3ms)[0m  [1m[34mSELECT "artists".* FROM "artists"[0m
  ↳ app/controllers/home_controller.rb:4:in `index'
Completed 200 OK in 5ms (Views: 3.8ms | ActiveRecord: 0.3ms | Allocations: 779)


  [1m[36mTRANSACTION (1.6ms)[0m  [1m[35mBEGIN[0m
  [1m[36mArtist Create (0.8ms)[0m  [1m[32mINSERT INTO "artists" ("name", "created_at", "updated_at") VALUES ($1, $2, $3) RETURNING "id"[0m  [["name", "Jay-Z"], ["created_at", "2021-05-10 02:28:32.224314"], ["updated_at", "2021-05-10 02:28:32.224314"]]
  [1m[36mTRANSACTION (101.0ms)[0m  [1m[35mCOMMIT[0m
  [1m[36mTRANSACTION (0.3ms)[0m  [1m[35mBEGIN[0m
  [1m[36mArtist Create (0.5ms)[0m  [1m[32mINSERT INTO "artists" ("name", "created_at", "updated_at") VALUES ($1, $2, $3) RETURNING "id"[0m  [["name", "Isaiah Rashad"], ["created_at", "2021-05-10 02:29:12.918158"], ["updated_at", "2021-05-10 02:29:12.918158"]]
  [1m[36mTRANSACTION (51.6ms)[0m  [1m[35mCOMMIT[0m
Started GET "/" for 127.0.0.1 at 2021-05-09 22:29:33 -0400
  [1m[35m (0.7ms)[0m  [1m[34mSELECT "schema_migrations"."version" FROM "schema_migrations" ORDER BY "schema_migrations"."version" ASC[0m
Processing by HomeController#index as HTML
  [1m[36mArtist Load (0.8ms)[0m  [1m[34mSELECT "artists".* FROM "artists"[0m
  ↳ app/controllers/home_controller.rb:4:in `index'
Completed 200 OK in 22ms (Views: 9.0ms | ActiveRecord: 5.5ms | Allocations: 7757)


Started GET "/" for 127.0.0.1 at 2021-05-09 23:14:11 -0400
Processing by HomeController#index as HTML
  [1m[36mArtist Load (1.0ms)[0m  [1m[34mSELECT "artists".* FROM "artists"[0m
  ↳ app/controllers/home_controller.rb:4:in `index'
Completed 200 OK in 14ms (Views: 13.4ms | ActiveRecord: 4.3ms | Allocations: 3080)


Started GET "/favicon.ico" for 127.0.0.1 at 2021-05-09 23:14:11 -0400
  
ActionController::RoutingError (No route matches [GET] "/favicon.ico"):
  
Started GET "/" for 127.0.0.1 at 2021-05-10 00:35:46 -0400
Processing by HomeController#index as HTML
  [1m[36mArtist Load (0.5ms)[0m  [1m[34mSELECT "artists".* FROM "artists"[0m
  ↳ app/controllers/home_controller.rb:4:in `index'
Completed 200 OK in 18ms (Views: 17.9ms | ActiveRecord: 6.6ms | Allocations: 3189)


Started GET "/" for 127.0.0.1 at 2021-05-10 00:36:06 -0400
  [1m[35m (1.2ms)[0m  [1m[34mSELECT "schema_migrations"."version" FROM "schema_migrations" ORDER BY "schema_migrations"."version" ASC[0m
Processing by HomeController#index as HTML
  [1m[36mArtist Load (0.6ms)[0m  [1m[34mSELECT "artists".* FROM "artists"[0m
  ↳ app/controllers/home_controller.rb:4:in `index'
Completed 200 OK in 24ms (Views: 8.3ms | ActiveRecord: 7.7ms | Allocations: 7757)


Started GET "/" for ::1 at 2021-05-10 01:45:53 -0400
  [1m[35m (1.0ms)[0m  [1m[34mSELECT "schema_migrations"."version" FROM "schema_migrations" ORDER BY "schema_migrations"."version" ASC[0m
Processing by HomeController#index as HTML
  [1m[36mArtist Load (0.6ms)[0m  [1m[34mSELECT "artists".* FROM "artists"[0m
  ↳ app/controllers/home_controller.rb:4:in `index'
Completed 200 OK in 19ms (Views: 7.0ms | ActiveRecord: 3.7ms | Allocations: 7756)


Started GET "/favicon.ico" for ::1 at 2021-05-10 01:45:53 -0400
  
ActionController::RoutingError (No route matches [GET] "/favicon.ico"):
  
Started GET "/" for 127.0.0.1 at 2021-05-10 01:50:36 -0400
Processing by HomeController#index as HTML
  [1m[36mArtist Load (0.4ms)[0m  [1m[34mSELECT "artists".* FROM "artists"[0m
  ↳ app/controllers/home_controller.rb:4:in `index'
Completed 200 OK in 6ms (Views: 5.0ms | ActiveRecord: 0.4ms | Allocations: 1110)


Started GET "/" for 127.0.0.1 at 2021-05-10 01:50:51 -0400
  [1m[35m (0.8ms)[0m  [1m[34mSELECT "schema_migrations"."version" FROM "schema_migrations" ORDER BY "schema_migrations"."version" ASC[0m
Processing by HomeController#index as HTML
  [1m[36mArtist Load (0.6ms)[0m  [1m[34mSELECT "artists".* FROM "artists"[0m
  ↳ app/controllers/home_controller.rb:4:in `index'
Completed 200 OK in 20ms (Views: 7.0ms | ActiveRecord: 3.9ms | Allocations: 7758)


Started GET "/" for 127.0.0.1 at 2021-05-10 01:51:23 -0400
Processing by HomeController#index as HTML
  [1m[36mArtist Load (0.3ms)[0m  [1m[34mSELECT "artists".* FROM "artists"[0m
  ↳ app/controllers/home_controller.rb:4:in `index'
Completed 200 OK in 3ms (Views: 2.4ms | ActiveRecord: 0.3ms | Allocations: 962)


Started POST "/signup" for ::1 at 2021-05-10 01:55:58 -0400
  [1m[35m (0.5ms)[0m  [1m[34mSELECT "schema_migrations"."version" FROM "schema_migrations" ORDER BY "schema_migrations"."version" ASC[0m
Processing by SignupController#create as HTML
  Parameters: {"email"=>"JustinAnMoreno@gmail.com", "password"=>"[FILTERED]", "password_confirmation"=>"[FILTERED]", "signup"=>{"email"=>"JustinAnMoreno@gmail.com", "password"=>"[FILTERED]", "password_confirmation"=>"[FILTERED]"}}
[31mUnpermitted parameter: :signup[0m
  [1m[36mTRANSACTION (0.1ms)[0m  [1m[35mBEGIN[0m
  ↳ app/controllers/signup_controller.rb:5:in `create'
  [1m[36mUser Create (22.0ms)[0m  [1m[32mINSERT INTO "users" ("email", "password_digest", "created_at", "updated_at") VALUES ($1, $2, $3, $4) RETURNING "id"[0m  [["email", "JustinAnMoreno@gmail.com"], ["password_digest", "$2a$12$mhtcF5ywi9Z1JZuujyMcoe6tFgv5teCy63BoYlOB5l0FiRQSJaDwO"], ["created_at", "2021-05-10 05:55:58.633556"], ["updated_at", "2021-05-10 05:55:58.633556"]]
  ↳ app/controllers/signup_controller.rb:5:in `create'
  [1m[36mTRANSACTION (19.8ms)[0m  [1m[35mCOMMIT[0m
  ↳ app/controllers/signup_controller.rb:5:in `create'
Completed 500 Internal Server Error in 264ms (ActiveRecord: 45.2ms | Allocations: 11217)


  
Redis::CannotConnectError (Error connecting to Redis on 127.0.0.1:6379 (Errno::ECONNREFUSED)):
  
app/controllers/signup_controller.rb:13:in `create'
Started POST "/signin" for ::1 at 2021-05-10 01:57:31 -0400
  [1m[35m (1.0ms)[0m  [1m[34mSELECT "schema_migrations"."version" FROM "schema_migrations" ORDER BY "schema_migrations"."version" ASC[0m
Processing by SigninController#create as HTML
  Parameters: {"email"=>"JustinAnMoreno@gmail.com", "password"=>"[FILTERED]", "signin"=>{"email"=>"JustinAnMoreno@gmail.com", "password"=>"[FILTERED]"}}
  [1m[36mUser Load (0.2ms)[0m  [1m[34mSELECT "users".* FROM "users" WHERE "users"."email" = $1 LIMIT $2[0m  [["email", "JustinAnMoreno@gmail.com"], ["LIMIT", 1]]
  ↳ app/controllers/signin_controller.rb:8:in `create'
Completed 500 Internal Server Error in 211ms (ActiveRecord: 3.5ms | Allocations: 9953)


  
Redis::CannotConnectError (Error connecting to Redis on 127.0.0.1:6379 (Errno::ECONNREFUSED)):
  
app/controllers/signin_controller.rb:15:in `create'
Started POST "/signup" for 127.0.0.1 at 2021-05-10 01:59:25 -0400
Processing by SignupController#create as HTML
  Parameters: {"email"=>"jamoreno97@gmail.com", "password"=>"[FILTERED]", "password_confirmation"=>"[FILTERED]", "signup"=>{"email"=>"jamoreno97@gmail.com", "password"=>"[FILTERED]", "password_confirmation"=>"[FILTERED]"}}
[31mUnpermitted parameter: :signup[0m
  [1m[36mTRANSACTION (0.1ms)[0m  [1m[35mBEGIN[0m
  ↳ app/controllers/signup_controller.rb:5:in `create'
  [1m[36mUser Create (0.5ms)[0m  [1m[32mINSERT INTO "users" ("email", "password_digest", "created_at", "updated_at") VALUES ($1, $2, $3, $4) RETURNING "id"[0m  [["email", "jamoreno97@gmail.com"], ["password_digest", "$2a$12$498XeFu858fHaaxwJeKldeOPMYDjTM/Y5xfMZUeF54LoqVAElokQe"], ["created_at", "2021-05-10 05:59:25.328183"], ["updated_at", "2021-05-10 05:59:25.328183"]]
  ↳ app/controllers/signup_controller.rb:5:in `create'
  [1m[36mTRANSACTION (4.8ms)[0m  [1m[35mCOMMIT[0m
  ↳ app/controllers/signup_controller.rb:5:in `create'
Completed 500 Internal Server Error in 223ms (ActiveRecord: 5.5ms | Allocations: 3210)


  
Redis::CannotConnectError (Error connecting to Redis on 127.0.0.1:6379 (Errno::ECONNREFUSED)):
  
app/controllers/signup_controller.rb:13:in `create'
